<?xml version="1.0" encoding="UTF-8"?>
<testng-results skipped="0" failed="0" ignored="0" total="1" passed="1">
  <reporter-output>
  </reporter-output>
  <suite name="InetBankingV2" duration-ms="38469" started-at="2020-08-08T16:43:30Z" finished-at="2020-08-08T16:44:08Z">
    <groups>
    </groups>
    <test name="BankingApp Test" duration-ms="38469" started-at="2020-08-08T16:43:30Z" finished-at="2020-08-08T16:44:08Z">
      <class name="com.inetBanking.testCases.TC_LoginTest001">
        <test-method status="PASS" signature="setup(java.lang.String)[pri:0, instance:com.inetBanking.testCases.TC_LoginTest001@6cc4c815]" name="setup" is-config="true" duration-ms="26215" started-at="2020-08-08T16:43:30Z" finished-at="2020-08-08T16:43:56Z">
          <params>
            <param index="0">
              <value>
                <![CDATA[firefox]]>
              </value>
            </param>
          </params>
          <reporter-output>
          </reporter-output>
        </test-method> <!-- setup -->
        <test-method status="PASS" signature="loginTest()[pri:0, instance:com.inetBanking.testCases.TC_LoginTest001@6cc4c815]" name="loginTest" duration-ms="5216" started-at="2020-08-08T16:43:56Z" finished-at="2020-08-08T16:44:02Z">
          <reporter-output>
          </reporter-output>
        </test-method> <!-- loginTest -->
        <test-method status="PASS" signature="tearDown()[pri:0, instance:com.inetBanking.testCases.TC_LoginTest001@6cc4c815]" name="tearDown" is-config="true" duration-ms="6467" started-at="2020-08-08T16:44:02Z" finished-at="2020-08-08T16:44:08Z">
          <reporter-output>
          </reporter-output>
        </test-method> <!-- tearDown -->
      </class> <!-- com.inetBanking.testCases.TC_LoginTest001 -->
    </test> <!-- BankingApp Test -->
  </suite> <!-- InetBankingV2 -->
</testng-results>
