<?xml version="1.0" encoding="UTF-8"?>
<testsuite xmlns:xsi="http://www.w3.org/2001/XMLSchema-instance" xsi:noNamespaceSchemaLocation="https://maven.apache.org/surefire/maven-surefire-plugin/xsd/surefire-test-report-3.0.xsd" version="3.0" name="TestSuite" time="86.514" tests="2" errors="0" skipped="0" failures="0">
  <properties>
[...]
</properties>
  <testcase name="loginTest" classname="com.inetBanking.testCases.TC_LoginTest001" time="8.996">
    <system-out><![CDATA[08-15-2020 02:07:09 TC_LoginTest001.java INFO  [main] eBanking 19 - URL Entered
08-15-2020 02:07:10 TC_LoginTest001.java INFO  [main] eBanking 22 - Username Entered
08-15-2020 02:07:10 TC_LoginTest001.java INFO  [main] eBanking 25 - Password Entered
08-15-2020 02:07:18 TC_LoginTest001.java INFO  [main] eBanking 33 - Login Test Passed
]]></system-out>
    <system-err><![CDATA[1597482399096	mozrunner::runner	INFO	Running command: "C:\\Program Files (x86)\\Mozilla Firefox\\firefox.exe" "-marionette" "-foreground" "-no-remote" "-profile" "C:\\Users\\Lenovo\\AppData\\Local\\Temp\\rust_mozprofile4bDiQL"
1597482401669	addons.webextension.doh-rollout@mozilla.org	WARN	Loading extension 'doh-rollout@mozilla.org': Reading manifest: Invalid extension permission: networkStatus
1597482403538	addons.webextension.screenshots@mozilla.org	WARN	Loading extension 'screenshots@mozilla.org': Reading manifest: Invalid extension permission: mozillaAddons
1597482403538	addons.webextension.screenshots@mozilla.org	WARN	Loading extension 'screenshots@mozilla.org': Reading manifest: Invalid extension permission: telemetry
1597482403538	addons.webextension.screenshots@mozilla.org	WARN	Loading extension 'screenshots@mozilla.org': Reading manifest: Invalid extension permission: resource://pdf.js/
1597482403538	addons.webextension.screenshots@mozilla.org	WARN	Loading extension 'screenshots@mozilla.org': Reading manifest: Invalid extension permission: about:reader*
JavaScript error: resource://gre/modules/XULStore.jsm, line 66: Error: Can't find profile directory.
console.error: "Could not write session state file " (new Error("_initWorker called too early! Please read the session file from disk first.", "resource:///modules/sessionstore/SessionFile.jsm", 375)) "_initWorker/<@resource:///modules/sessionstore/SessionFile.jsm:375:15\n_initWorker@resource:///modules/sessionstore/SessionFile.jsm:368:12\n_postToWorker@resource:///modules/sessionstore/SessionFile.jsm:410:16\nwrite@resource:///modules/sessionstore/SessionFile.jsm:448:24\nwrite@resource:///modules/sessionstore/SessionFile.jsm:75:32\n_writeState@resource:///modules/sessionstore/SessionSaver.jsm:360:24\n_saveState@resource:///modules/sessionstore/SessionSaver.jsm:294:17\n_saveStateAsync@resource:///modules/sessionstore/SessionSaver.jsm:344:10\nsaveStateAsyncWhenIdle@resource:///modules/sessionstore/SessionSaver.jsm:191:14\ncallback@resource://gre/modules/Timer.jsm:127:16\n"
1597482420036	Marionette	INFO	Listening on port 60113
1597482420485	Marionette	WARN	TLS certificate errors will be ignored for this session
Aug 15, 2020 2:07:01 AM org.openqa.selenium.remote.ProtocolHandshake createSession
INFO: Detected dialect: W3C
JavaScript error: https://demo.guru99.com/v4/index.php, line 1: SyntaxError: missing ) after argument list
]]></system-err>
  </testcase>
  <testcase name="addNewCustomer" classname="com.inetBanking.testCases.TC_AddNewCustomer003" time="9.669">
    <system-out><![CDATA[08-15-2020 02:07:45 TC_AddNewCustomer003.java INFO  [main] eBanking 15 - URL Entered
08-15-2020 02:07:45 TC_AddNewCustomer003.java INFO  [main] eBanking 18 - Username Entered
08-15-2020 02:07:45 TC_AddNewCustomer003.java INFO  [main] eBanking 21 - Password Entered
08-15-2020 02:07:55 TC_AddNewCustomer003.java INFO  [main] eBanking 41 - customer added
08-15-2020 02:07:55 TC_AddNewCustomer003.java INFO  [main] eBanking 50 - Test Passsed
]]></system-out>
    <system-err><![CDATA[1597482438746	Marionette	INFO	Stopped listening on port 60113
1597482447802	mozrunner::runner	INFO	Running command: "C:\\Program Files (x86)\\Mozilla Firefox\\firefox.exe" "-marionette" "-foreground" "-no-remote" "-profile" "C:\\Users\\Lenovo\\AppData\\Local\\Temp\\rust_mozprofileUf627t"
1597482449716	addons.webextension.doh-rollout@mozilla.org	WARN	Loading extension 'doh-rollout@mozilla.org': Reading manifest: Invalid extension permission: networkStatus
1597482450978	addons.webextension.screenshots@mozilla.org	WARN	Loading extension 'screenshots@mozilla.org': Reading manifest: Invalid extension permission: mozillaAddons
1597482450979	addons.webextension.screenshots@mozilla.org	WARN	Loading extension 'screenshots@mozilla.org': Reading manifest: Invalid extension permission: telemetry
1597482450979	addons.webextension.screenshots@mozilla.org	WARN	Loading extension 'screenshots@mozilla.org': Reading manifest: Invalid extension permission: resource://pdf.js/
1597482450979	addons.webextension.screenshots@mozilla.org	WARN	Loading extension 'screenshots@mozilla.org': Reading manifest: Invalid extension permission: about:reader*
JavaScript error: resource://gre/modules/XULStore.jsm, line 66: Error: Can't find profile directory.
1597482453992	Marionette	INFO	Listening on port 60476
1597482454403	Marionette	WARN	TLS certificate errors will be ignored for this session
Aug 15, 2020 2:07:34 AM org.openqa.selenium.remote.ProtocolHandshake createSession
INFO: Detected dialect: W3C
JavaScript error: https://demo.guru99.com/v4/index.php, line 1: SyntaxError: missing ) after argument list
]]></system-err>
  </testcase>
</testsuite>