<?xml version="1.0" encoding="UTF-8"?>
<testng-results skipped="0" failed="0" ignored="0" total="1" passed="1">
  <reporter-output>
  </reporter-output>
  <suite name="InetBankingV2" duration-ms="49962" started-at="2020-08-15T09:01:38Z" finished-at="2020-08-15T09:02:28Z">
    <groups>
    </groups>
    <test name="BankingApp Test" duration-ms="49962" started-at="2020-08-15T09:01:38Z" finished-at="2020-08-15T09:02:28Z">
      <class name="com.inetBanking.testCases.TC_AddNewCustomer003">
        <test-method status="PASS" signature="setup(java.lang.String)[pri:0, instance:com.inetBanking.testCases.TC_AddNewCustomer003@4667ae56]" name="setup" is-config="true" duration-ms="23425" started-at="2020-08-15T09:01:38Z" finished-at="2020-08-15T09:02:02Z">
          <params>
            <param index="0">
              <value>
                <![CDATA[firefox]]>
              </value>
            </param>
          </params>
          <reporter-output>
          </reporter-output>
        </test-method> <!-- setup -->
        <test-method status="PASS" signature="addNewCustomer()[pri:0, instance:com.inetBanking.testCases.TC_AddNewCustomer003@4667ae56]" name="addNewCustomer" duration-ms="8824" started-at="2020-08-15T09:02:02Z" finished-at="2020-08-15T09:02:10Z">
          <reporter-output>
          </reporter-output>
        </test-method> <!-- addNewCustomer -->
        <test-method status="PASS" signature="tearDown()[pri:0, instance:com.inetBanking.testCases.TC_AddNewCustomer003@4667ae56]" name="tearDown" is-config="true" duration-ms="17401" started-at="2020-08-15T09:02:10Z" finished-at="2020-08-15T09:02:28Z">
          <reporter-output>
          </reporter-output>
        </test-method> <!-- tearDown -->
      </class> <!-- com.inetBanking.testCases.TC_AddNewCustomer003 -->
    </test> <!-- BankingApp Test -->
  </suite> <!-- InetBankingV2 -->
</testng-results>
